Unable to activate client accountUnable to activate client accountUnable to activate client accountUnable to activate client accountUnable to activate client accountUnable to activate client accountUnable to activate client accountUnable to activate client accountUnable to activate client accountUnable to activate client accountUnable to activate client accountUnable to activate client accountUnable to activate client accountUnable to approve savings accountUnable to activate client accountUnable to approve savings accountUnable to activate client accountUnable to activate client accountUnable to activate client accountUnable to activate client accountUnable to activate client accountUnable to activate client accountUnable to activate client accountUnable to activate client accountUnable to activate client accountUnable to activate client accountUnable to activate client accountUnable to activate client accountUnable to activate client accountUnable to activate client accountUnable to activate client accountUnable to activate client accountUnable to activate client accountQuery failed with error: <br>
Query failed with error: <br>
Query failed with error: <br>
Query failed with error: <br>
Query failed with error: <br>
Query failed with error: <br>
Query failed with error: <br>
Query failed with error: <br>
Query failed with error: <br>
{"clientId":"2016","productId":"45","principal":"6175.000000","loanTermFrequency":"65","loanTermFrequencyType":0,"numberOfRepayments":"65","repaymentEvery":1,"repaymentFrequencyType":0,"amortizationType":"1","interestType":"1","graceOnPrincipalPayment":null,"graceOnInterestPayment":null,"fundId":null,"isEqualAmortization":"0","interestCalculationPeriodType":1,"transactionProcessingStrategyId":1,"interestRatePerPeriod":"0.000000","expectedDisbursementDate":"30 January 2019","submittedOnDate":"30 January 2019","locale":"en","loanType":"individual","dateFormat":"dd MMMM yyyy"}111Query failed with error: <br>
{"clientId":"2017","productId":"45","principal":"6175.000000","loanTermFrequency":"65","loanTermFrequencyType":0,"numberOfRepayments":"65","repaymentEvery":1,"repaymentFrequencyType":0,"amortizationType":"1","interestType":"1","graceOnPrincipalPayment":null,"graceOnInterestPayment":null,"fundId":null,"isEqualAmortization":"0","interestCalculationPeriodType":1,"transactionProcessingStrategyId":1,"interestRatePerPeriod":"0.000000","expectedDisbursementDate":"30 January 2019","submittedOnDate":"30 January 2019","locale":"en","loanType":"individual","dateFormat":"dd MMMM yyyy"}111Query failed with error: <br>
Query failed with error: <br>
Query failed with error: <br>
Query failed with error: <br>
Query failed with error: <br>
Query failed with error: <br>
Query failed with error: <br>
Query failed with error: <br>
Query failed with error: <br>
Query failed with error: <br>
Query failed with error: <br>
Query failed with error: <br>
Query failed with error: <br>
Query failed with error: <br>
Query failed with error: <br>
Query failed with error: <br>
Query failed with error: <br>
Query failed with error: <br>
Query failed with error: <br>
Query failed with error: <br>
Query failed with error: <br>
Query failed with error: <br>
Query failed with error: <br>
Query failed with error: <br>
Query failed with error: <br>
Query failed with error: <br>
Query failed with error: <br>
Query failed with error: <br>
Query failed with error: <br>
Query failed with error: <br>
Query failed with error: <br>
Query failed with error: <br>
Query failed with error: <br>
{"clientId":"2019","productId":"44","principal":"8075.000000","loanTermFrequency":"85","loanTermFrequencyType":0,"numberOfRepayments":"85","repaymentEvery":1,"repaymentFrequencyType":0,"amortizationType":"1","interestType":"1","graceOnPrincipalPayment":null,"graceOnInterestPayment":null,"fundId":null,"isEqualAmortization":"1","interestCalculationPeriodType":1,"transactionProcessingStrategyId":1,"interestRatePerPeriod":"0.000000","expectedDisbursementDate":"30 January 2019","submittedOnDate":"30 January 2019","locale":"en","loanType":"individual","dateFormat":"dd MMMM yyyy"}111{"clientId":"2020","productId":"45","principal":"6175.000000","loanTermFrequency":"65","loanTermFrequencyType":0,"numberOfRepayments":"65","repaymentEvery":1,"repaymentFrequencyType":0,"amortizationType":"1","interestType":"1","graceOnPrincipalPayment":null,"graceOnInterestPayment":null,"fundId":null,"isEqualAmortization":"0","interestCalculationPeriodType":1,"transactionProcessingStrategyId":1,"interestRatePerPeriod":"0.000000","expectedDisbursementDate":"30 January 2019","submittedOnDate":"30 January 2019","locale":"en","loanType":"individual","dateFormat":"dd MMMM yyyy"}111{"clientId":"2020","productId":"44","principal":"8075.000000","loanTermFrequency":"85","loanTermFrequencyType":0,"numberOfRepayments":"85","repaymentEvery":1,"repaymentFrequencyType":0,"amortizationType":"1","interestType":"1","graceOnPrincipalPayment":null,"graceOnInterestPayment":null,"fundId":null,"isEqualAmortization":"1","interestCalculationPeriodType":1,"transactionProcessingStrategyId":1,"interestRatePerPeriod":"0.000000","expectedDisbursementDate":"30 January 2019","submittedOnDate":"30 January 2019","locale":"en","loanType":"individual","dateFormat":"dd MMMM yyyy"}111update c2bpayment set `STATUS` ='confirmed' where TransID ='NAL1BJRI79';
update c2bpayment set `STATUS`='confirmed' where TransID ='NAU3IKDVHJ';
{"clientId":"2020","productId":"45","principal":"6175.000000","loanTermFrequency":"65","loanTermFrequencyType":0,"numberOfRepayments":"65","repaymentEvery":1,"repaymentFrequencyType":0,"amortizationType":"1","interestType":"1","graceOnPrincipalPayment":null,"graceOnInterestPayment":null,"fundId":null,"isEqualAmortization":"0","interestCalculationPeriodType":1,"transactionProcessingStrategyId":1,"interestRatePerPeriod":"0.000000","expectedDisbursementDate":"31 January 2019","submittedOnDate":"31 January 2019","locale":"en","loanType":"individual","dateFormat":"dd MMMM yyyy"}111{"clientId":"2022","productId":"45","principal":"6175.000000","loanTermFrequency":"65","loanTermFrequencyType":0,"numberOfRepayments":"65","repaymentEvery":1,"repaymentFrequencyType":0,"amortizationType":"1","interestType":"1","graceOnPrincipalPayment":null,"graceOnInterestPayment":null,"fundId":null,"isEqualAmortization":"0","interestCalculationPeriodType":1,"transactionProcessingStrategyId":1,"interestRatePerPeriod":"0.000000","expectedDisbursementDate":"31 January 2019","submittedOnDate":"31 January 2019","locale":"en","loanType":"individual","dateFormat":"dd MMMM yyyy"}111{"clientId":"2022","productId":"45","principal":"6175.000000","loanTermFrequency":"65","loanTermFrequencyType":0,"numberOfRepayments":"65","repaymentEvery":1,"repaymentFrequencyType":0,"amortizationType":"1","interestType":"1","graceOnPrincipalPayment":null,"graceOnInterestPayment":null,"fundId":null,"isEqualAmortization":"0","interestCalculationPeriodType":1,"transactionProcessingStrategyId":1,"interestRatePerPeriod":"0.000000","expectedDisbursementDate":"31 January 2019","submittedOnDate":"31 January 2019","locale":"en","loanType":"individual","dateFormat":"dd MMMM yyyy"}111{"clientId":"2022","productId":"45","principal":"6175.000000","loanTermFrequency":"65","loanTermFrequencyType":0,"numberOfRepayments":"65","repaymentEvery":1,"repaymentFrequencyType":0,"amortizationType":"1","interestType":"1","graceOnPrincipalPayment":null,"graceOnInterestPayment":null,"fundId":null,"isEqualAmortization":"0","interestCalculationPeriodType":1,"transactionProcessingStrategyId":1,"interestRatePerPeriod":"0.000000","expectedDisbursementDate":"31 January 2019","submittedOnDate":"31 January 2019","locale":"en","loanType":"individual","dateFormat":"dd MMMM yyyy"}111{"clientId":"2022","productId":"45","principal":"6175.000000","loanTermFrequency":"65","loanTermFrequencyType":0,"numberOfRepayments":"65","repaymentEvery":1,"repaymentFrequencyType":0,"amortizationType":"1","interestType":"1","graceOnPrincipalPayment":null,"graceOnInterestPayment":null,"fundId":null,"isEqualAmortization":"0","interestCalculationPeriodType":1,"transactionProcessingStrategyId":1,"interestRatePerPeriod":"0.000000","expectedDisbursementDate":"31 January 2019","submittedOnDate":"31 January 2019","locale":"en","loanType":"individual","dateFormat":"dd MMMM yyyy"}111{"clientId":"2022","productId":"44","principal":"8075.000000","loanTermFrequency":"85","loanTermFrequencyType":0,"numberOfRepayments":"85","repaymentEvery":1,"repaymentFrequencyType":0,"amortizationType":"1","interestType":"1","graceOnPrincipalPayment":null,"graceOnInterestPayment":null,"fundId":null,"isEqualAmortization":"1","interestCalculationPeriodType":1,"transactionProcessingStrategyId":1,"interestRatePerPeriod":"0.000000","expectedDisbursementDate":"31 January 2019","submittedOnDate":"31 January 2019","locale":"en","loanType":"individual","dateFormat":"dd MMMM yyyy"}111{"clientId":"2022","productId":"44","principal":"8075.000000","loanTermFrequency":"85","loanTermFrequencyType":0,"numberOfRepayments":"85","repaymentEvery":1,"repaymentFrequencyType":0,"amortizationType":"1","interestType":"1","graceOnPrincipalPayment":null,"graceOnInterestPayment":null,"fundId":null,"isEqualAmortization":"1","interestCalculationPeriodType":1,"transactionProcessingStrategyId":1,"interestRatePerPeriod":"0.000000","expectedDisbursementDate":"31 January 2019","submittedOnDate":"31 January 2019","locale":"en","loanType":"individual","dateFormat":"dd MMMM yyyy"}111{"clientId":"2022","productId":"45","principal":"6175.000000","loanTermFrequency":"65","loanTermFrequencyType":0,"numberOfRepayments":"65","repaymentEvery":1,"repaymentFrequencyType":0,"amortizationType":"1","interestType":"1","graceOnPrincipalPayment":null,"graceOnInterestPayment":null,"fundId":null,"isEqualAmortization":"0","interestCalculationPeriodType":1,"transactionProcessingStrategyId":1,"interestRatePerPeriod":"0.000000","expectedDisbursementDate":"31 January 2019","submittedOnDate":"31 January 2019","locale":"en","loanType":"individual","dateFormat":"dd MMMM yyyy"}111{"clientId":"2022","productId":"45","principal":"6175.000000","loanTermFrequency":"65","loanTermFrequencyType":0,"numberOfRepayments":"65","repaymentEvery":1,"repaymentFrequencyType":0,"amortizationType":"1","interestType":"1","graceOnPrincipalPayment":null,"graceOnInterestPayment":null,"fundId":null,"isEqualAmortization":"0","interestCalculationPeriodType":1,"transactionProcessingStrategyId":1,"interestRatePerPeriod":"0.000000","expectedDisbursementDate":"31 January 2019","submittedOnDate":"31 January 2019","locale":"en","loanType":"individual","dateFormat":"dd MMMM yyyy"}111update c2bpayment set `STATUS`='confirmed' where TransID ='testtttr';
{"clientId":"2024","productId":"45","principal":"6175.000000","loanTermFrequency":"65","loanTermFrequencyType":0,"numberOfRepayments":"65","repaymentEvery":1,"repaymentFrequencyType":0,"amortizationType":"1","interestType":"1","graceOnPrincipalPayment":null,"graceOnInterestPayment":null,"fundId":null,"isEqualAmortization":"0","interestCalculationPeriodType":1,"transactionProcessingStrategyId":1,"interestRatePerPeriod":"0.000000","expectedDisbursementDate":"31 January 2019","submittedOnDate":"31 January 2019","locale":"en","loanType":"individual","dateFormat":"dd MMMM yyyy"}111update c2bpayment set `STATUS`='confirmed' where TransID ='NAV9J5XH6T';
{"clientId":"2025","productId":"44","principal":"8075.000000","loanTermFrequency":"85","loanTermFrequencyType":0,"numberOfRepayments":"85","repaymentEvery":1,"repaymentFrequencyType":0,"amortizationType":"1","interestType":"1","graceOnPrincipalPayment":null,"graceOnInterestPayment":null,"fundId":null,"isEqualAmortization":"1","interestCalculationPeriodType":1,"transactionProcessingStrategyId":1,"interestRatePerPeriod":"0.000000","expectedDisbursementDate":"31 January 2019","submittedOnDate":"31 January 2019","locale":"en","loanType":"individual","dateFormat":"dd MMMM yyyy"}111{"clientId":"2025","productId":"45","principal":"6175.000000","loanTermFrequency":"65","loanTermFrequencyType":0,"numberOfRepayments":"65","repaymentEvery":1,"repaymentFrequencyType":0,"amortizationType":"1","interestType":"1","graceOnPrincipalPayment":null,"graceOnInterestPayment":null,"fundId":null,"isEqualAmortization":"0","interestCalculationPeriodType":1,"transactionProcessingStrategyId":1,"interestRatePerPeriod":"0.000000","expectedDisbursementDate":"31 January 2019","submittedOnDate":"31 January 2019","locale":"en","loanType":"individual","dateFormat":"dd MMMM yyyy"}111